<?xml version="1.0" encoding="UTF-8"?>
<!-- Generated by org.testng.reporters.JUnitReportReporter -->
<testsuite hostname="Queen" failures="0" tests="1" name="OrganizationModule.FetchDataUsingExcelFile" time="103.435" errors="0" timestamp="2023-08-18T13:49:23 AEST" skipped="0">
  <testcase classname="OrganizationModule.FetchDataUsingExcelFile" name="FetchDataUsingExcelFile" time="103.435"/>
</testsuite> <!-- OrganizationModule.FetchDataUsingExcelFile -->
