<?xml version="1.0" encoding="UTF-8"?>
<!-- Generated by org.testng.reporters.JUnitReportReporter -->
<testsuite hostname="Queen" failures="0" tests="2" name="ProductModule.CreateProdUsingPropertiesFile" time="118.118" errors="0" timestamp="2023-08-18T13:49:23 AEST" skipped="0">
  <testcase classname="ProductModule.CreateProdUsingPropertiesFile" name="CreateProdUsingPropertiesFile" time="99.112"/>
  <testcase classname="ProductModule.CreateProdUsingPropertiesFile" name="CreateProdUsingPropertiesFile" time="19.006"/>
</testsuite> <!-- ProductModule.CreateProdUsingPropertiesFile -->
