<?xml version="1.0" encoding="UTF-8"?>
<!-- Generated by org.testng.reporters.JUnitReportReporter -->
<testsuite hostname="Queen" failures="0" tests="3" name="TestNGPractice.TestNGPractice1" time="0.146" errors="0" timestamp="2023-08-10T12:09:46 AEST" skipped="0">
  <testcase classname="TestNGPractice.TestNGPractice1" name="modifyProduct" time="0.118"/>
  <testcase classname="TestNGPractice.TestNGPractice1" name="createProduct" time="0.017"/>
  <testcase classname="TestNGPractice.TestNGPractice1" name="deleteProductName" time="0.011"/>
</testsuite> <!-- TestNGPractice.TestNGPractice1 -->
