<?xml version="1.0" encoding="UTF-8"?>
<!-- Generated by org.testng.reporters.JUnitReportReporter -->
<testsuite hostname="Queen" failures="0" tests="4" name="TestNGPractice.TestNGInvocationCount" time="0.061" errors="0" timestamp="2023-08-10T12:18:59 AEST" skipped="0">
  <testcase classname="TestNGPractice.TestNGInvocationCount" name="createContact" time="0.039"/>
  <testcase classname="TestNGPractice.TestNGInvocationCount" name="modifyContact" time="0.007"/>
  <testcase classname="TestNGPractice.TestNGInvocationCount" name="deleteContact" time="0.010"/>
  <testcase classname="TestNGPractice.TestNGInvocationCount" name="deleteContact" time="0.005"/>
</testsuite> <!-- TestNGPractice.TestNGInvocationCount -->
