<?xml version="1.0" encoding="UTF-8"?>
<!-- Generated by org.testng.reporters.JUnitReportReporter -->
<testsuite hostname="Queen" failures="0" tests="3" name="DataProvider.CreateOrganisationDataProvider" time="36.620" errors="0" timestamp="2023-08-16T03:01:14 AEST" skipped="0">
  <testcase classname="DataProvider.CreateOrganisationDataProvider" name="vTiger" time="12.838"/>
  <testcase classname="DataProvider.CreateOrganisationDataProvider" name="vTiger" time="12.102"/>
  <testcase classname="DataProvider.CreateOrganisationDataProvider" name="vTiger" time="11.680"/>
</testsuite> <!-- DataProvider.CreateOrganisationDataProvider -->
