<?xml version="1.0" encoding="UTF-8"?>
<!-- Generated by org.testng.reporters.JUnitReportReporter -->
<testsuite hostname="Queen" failures="0" tests="1" name="CampaignModule.CampaignRegionalRegression" time="59.671" errors="0" timestamp="2023-08-18T01:51:11 AEST" skipped="0">
  <testcase classname="CampaignModule.CampaignRegionalRegression" name="CreateProdUsingPropertiesFile" time="59.671"/>
</testsuite> <!-- CampaignModule.CampaignRegionalRegression -->
