<?xml version="1.0" encoding="UTF-8"?>
<!-- Generated by org.testng.reporters.JUnitReportReporter -->
<testsuite hostname="Queen" failures="0" tests="3" name="DataProvider.DataProviderEx1" time="0.054" errors="0" timestamp="2023-08-15T12:11:36 AEST" skipped="0">
  <testcase classname="DataProvider.DataProviderEx1" name="bookTickets" time="0.038"/>
  <testcase classname="DataProvider.DataProviderEx1" name="bookTickets" time="0.009"/>
  <testcase classname="DataProvider.DataProviderEx1" name="bookTickets" time="0.007"/>
</testsuite> <!-- DataProvider.DataProviderEx1 -->
